# JRE version: OpenJDK Runtime Environment (19.0.2+7) (build 19.0.2+7-44)
# Java VM: OpenJDK 64-Bit Server VM (19.0.2+7-44, mixed mode, sharing, tiered, compressed oops, compressed class ptrs, g1 gc, windows-amd64)
GC Precious Log:
 CardTable entry size: 512
 Card Set container configuration: InlinePtr #cards 5 size 8 Array Of Cards #cards 12 size 40 Howl #buckets 4 coarsen threshold 1843 Howl Bitmap #cards 512 size 80 coarsen threshold 460 Card regions per heap region 1 cards per card region 2048
 CPUs: 2 total, 2 available
 Memory: 6033M
 Large Page Support: Disabled
 NUMA Support: Disabled
 Compressed Oops: Enabled (32-bit)
 Heap Region Size: 1M
 Heap Min Capacity: 8M
 Heap Initial Capacity: 96M
 Heap Max Capacity: 1510M
 Pre-touch: Disabled
 Parallel Workers: 2
 Concurrent Workers: 1
 Concurrent Refinement Workers: 2
 Periodic GC: Disabled
Heap:
 garbage-first heap   total 98304K, used 30595K [0x00000000a1a00000, 0x0000000100000000)
  region size 1024K, 28 young (28672K), 4 survivors (4096K)
 Metaspace       used 19165K, committed 19392K, reserved 1114112K
  class space    used 2237K, committed 2368K, reserved 1048576K
GC Heap History (8 events):
Event: 3.016 GC heap before
{Heap before GC invocations=0 (full 0):
 garbage-first heap   total 98304K, used 5120K [0x00000000a1a00000, 0x0000000100000000)
  region size 1024K, 6 young (6144K), 0 survivors (0K)
 Metaspace       used 1599K, committed 1792K, reserved 1114112K
  class space    used 120K, committed 192K, reserved 1048576K
}
Event: 3.031 GC heap after
{Heap after GC invocations=1 (full 0):
 garbage-first heap   total 98304K, used 3256K [0x00000000a1a00000, 0x0000000100000000)
  region size 1024K, 1 young (1024K), 1 survivors (1024K)
 Metaspace       used 1599K, committed 1792K, reserved 1114112K
  class space    used 120K, committed 192K, reserved 1048576K
}
Event: 3.555 GC heap before
{Heap before GC invocations=1 (full 0):
 garbage-first heap   total 98304K, used 6328K [0x00000000a1a00000, 0x0000000100000000)
  region size 1024K, 4 young (4096K), 1 survivors (1024K)
 Metaspace       used 2872K, committed 3008K, reserved 1114112K
  class space    used 247K, committed 320K, reserved 1048576K
}
Event: 3.561 GC heap after
{Heap after GC invocations=2 (full 0):
 garbage-first heap   total 98304K, used 4138K [0x00000000a1a00000, 0x0000000100000000)
  region size 1024K, 1 young (1024K), 1 survivors (1024K)
 Metaspace       used 2872K, committed 3008K, reserved 1114112K
  class space    used 247K, committed 320K, reserved 1048576K
}
Event: 4.358 GC heap before
{Heap before GC invocations=2 (full 0):
 garbage-first heap   total 98304K, used 13354K [0x00000000a1a00000, 0x0000000100000000)
  region size 1024K, 10 young (10240K), 1 survivors (1024K)
 Metaspace       used 5766K, committed 5952K, reserved 1114112K
  class space    used 616K, committed 704K, reserved 1048576K
}
Event: 4.364 GC heap after
{Heap after GC invocations=3 (full 0):
 garbage-first heap   total 98304K, used 4950K [0x00000000a1a00000, 0x0000000100000000)
  region size 1024K, 2 young (2048K), 2 survivors (2048K)
 Metaspace       used 5766K, committed 5952K, reserved 1114112K
  class space    used 616K, committed 704K, reserved 1048576K
}
Event: 6.246 GC heap before
{Heap before GC invocations=3 (full 0):
 garbage-first heap   total 98304K, used 38742K [0x00000000a1a00000, 0x0000000100000000)
  region size 1024K, 36 young (36864K), 2 survivors (2048K)
 Metaspace       used 15368K, committed 15616K, reserved 1114112K
  class space    used 1802K, committed 1920K, reserved 1048576K
}
Event: 6.260 GC heap after
{Heap after GC invocations=4 (full 0):
 garbage-first heap   total 98304K, used 7043K [0x00000000a1a00000, 0x0000000100000000)
  region size 1024K, 4 young (4096K), 4 survivors (4096K)
 Metaspace       used 15368K, committed 15616K, reserved 1114112K
  class space    used 1802K, committed 1920K, reserved 1048576K
}

